<?xml version="1.0" encoding="UTF-8"?>
<testsuite name="loopingAndRangesExercise4.TestLoopingAndRangesExercise4" tests="5" skipped="0" failures="0" errors="0" timestamp="2025-06-07T19:13:14" hostname="LAPTOP-KTSLC6PV" time="0.093">
  <properties/>
  <testcase name="testPyramid1" classname="loopingAndRangesExercise4.TestLoopingAndRangesExercise4" time="0.045"/>
  <testcase name="testPyramid2" classname="loopingAndRangesExercise4.TestLoopingAndRangesExercise4" time="0.002"/>
  <testcase name="testPyramid3" classname="loopingAndRangesExercise4.TestLoopingAndRangesExercise4" time="0.025"/>
  <testcase name="testPyramid4" classname="loopingAndRangesExercise4.TestLoopingAndRangesExercise4" time="0.013"/>
  <testcase name="testPyramid6" classname="loopingAndRangesExercise4.TestLoopingAndRangesExercise4" time="0.004"/>
  <system-out><![CDATA[]]></system-out>
  <system-err><![CDATA[]]></system-err>
</testsuite>
