<?xml version="1.0" encoding="UTF-8"?>
<testsuite name="booleansExercise2.TestBooleansExercise2" tests="2" skipped="0" failures="0" errors="0" timestamp="2025-06-07T16:01:17" hostname="LAPTOP-KTSLC6PV" time="0.447">
  <properties/>
  <testcase name="test1ShowFunctions" classname="booleansExercise2.TestBooleansExercise2" time="0.432"/>
  <testcase name="test2Table" classname="booleansExercise2.TestBooleansExercise2" time="0.013"/>
  <system-out><![CDATA[]]></system-out>
  <system-err><![CDATA[]]></system-err>
</testsuite>
